<?xml version="1.0" encoding="UTF-8"?>
<!-- Generated by org.testng.reporters.JUnitReportReporter -->
<testsuite hostname="Abi" failures="0" tests="1" name="edurekatwo.GroupExample" time="0.029" errors="0" timestamp="2022-11-17T20:32:24 IST" skipped="0">
  <testcase classname="edurekatwo.GroupExample" name="tc1" time="0.029"/>
  <system-out/>
</testsuite> <!-- edurekatwo.GroupExample -->
